一、课题介绍

本课题旨在设计和开发一款个人智能日程管理系统。该系统能够根据用户的日常活动、工作任务和个人偏好，智能地生成和管理日程安排，提供个性化的提醒和服务，从而提高用户的时间管理效率和生活质量。

二、目的与意义

在现代社会，时间管理已成为人们日常生活和工作的重要组成部分。然而，传统的手动日程管理方式往往效率低下且容易出错。本课题的实施旨在通过构建智能化的日程管理系统，解决上述问题，为用户提供便捷、高效的日程管理服务。具体而言，该系统的目的和意义包括：

1.提高用户的时间管理效率，减少遗漏和冲突；
2.提供个性化的日程安排建议，优化用户的生活和工作质量；
3.实现日程的自动同步和提醒，减少用户的操作负担；
4.支持多种设备和平台的接入，提升用户体验。

为了满足个人日程管理的实际需求，系统应具备以下核心功能：

1.
用户管理

用户信息的录入、修改、删除；
用户偏好和习惯的设置与管理。
2.
日程创建与管理

日程的创建、编辑、删除；
日程的分类与标签管理；
日程的重复设置与提醒。
3.
智能推荐

根据用户的历史数据和偏好，智能推荐日程安排；
自动识别重要事件并优先提醒。
4.
数据同步与共享

支持跨设备的数据同步；
提供日程数据的共享功能。
5.
分析与反馈

日程执行情况的分析与统计；
用户反馈的收集与处理。
6.
系统维护与支持

数据备份与恢复；
系统升级与扩展；
用户培训与技术支持。